<?xml version="1.0" encoding="UTF-8"?>
<!-- Generated by org.testng.reporters.JUnitXMLReporter -->
<testsuite ignored="0" hostname="LIN80029182" failures="0" tests="4" name="Test1" time="7.813" errors="0" timestamp="2022-09-13T09:45:50 IST">
  <testcase classname="TestNG.testngProject.ParallelExecution" name="@AfterMethod closer" time="0.033">
    <failure type="org.openqa.selenium.UnhandledAlertException" message="unexpected alert open: {Alert text : User or Password is not valid}
  (Session info: chrome=105.0.5195.102): User or Password is not valid
Build info: version: &amp;apos;4.4.0&amp;apos;, revision: &amp;apos;e5c75ed026a&amp;apos;
System info: host: &amp;apos;LIN80029182&amp;apos;, ip: &amp;apos;192.168.1.109&amp;apos;, os.name: &amp;apos;Windows 10&amp;apos;, os.arch: &amp;apos;amd64&amp;apos;, os.version: &amp;apos;10.0&amp;apos;, java.version: &amp;apos;18.0.1&amp;apos;
Driver info: org.openqa.selenium.chrome.ChromeDriver
Command: [3cc4cee42f6d92867612f1fd2228aa89, close {}]
Capabilities {acceptInsecureCerts: false, browserName: chrome, browserVersion: 105.0.5195.102, chrome: {chromedriverVersion: 104.0.5112.79 (3cf3e8c8a07d..., userDataDir: C:\Users\VREDDYK\AppData\Lo...}, goog:chromeOptions: {debuggerAddress: localhost:62370}, networkConnectionEnabled: false, pageLoadStrategy: normal, platformName: WINDOWS, proxy: Proxy(), se:cdp: ws://localhost:62370/devtoo..., se:cdpVersion: 105.0.5195.102, setWindowRect: true, strictFileInteractability: false, timeouts: {implicit: 0, pageLoad: 300000, script: 30000}, unhandledPromptBehavior: dismiss and notify, webauthn:extension:credBlob: true, webauthn:extension:largeBlob: true, webauthn:virtualAuthenticators: true}
Session ID: 3cc4cee42f6d92867612f1fd2228aa89">
      <![CDATA[org.openqa.selenium.UnhandledAlertException: unexpected alert open: {Alert text : User or Password is not valid}
  (Session info: chrome=105.0.5195.102): User or Password is not valid
Build info: version: '4.4.0', revision: 'e5c75ed026a'
System info: host: 'LIN80029182', ip: '192.168.1.109', os.name: 'Windows 10', os.arch: 'amd64', os.version: '10.0', java.version: '18.0.1'
Driver info: org.openqa.selenium.chrome.ChromeDriver
Command: [3cc4cee42f6d92867612f1fd2228aa89, close {}]
Capabilities {acceptInsecureCerts: false, browserName: chrome, browserVersion: 105.0.5195.102, chrome: {chromedriverVersion: 104.0.5112.79 (3cf3e8c8a07d..., userDataDir: C:\Users\VREDDYK\AppData\Lo...}, goog:chromeOptions: {debuggerAddress: localhost:62370}, networkConnectionEnabled: false, pageLoadStrategy: normal, platformName: WINDOWS, proxy: Proxy(), se:cdp: ws://localhost:62370/devtoo..., se:cdpVersion: 105.0.5195.102, setWindowRect: true, strictFileInteractability: false, timeouts: {implicit: 0, pageLoad: 300000, script: 30000}, unhandledPromptBehavior: dismiss and notify, webauthn:extension:credBlob: true, webauthn:extension:largeBlob: true, webauthn:virtualAuthenticators: true}
Session ID: 3cc4cee42f6d92867612f1fd2228aa89
at org.openqa.selenium.remote.codec.w3c.W3CHttpResponseCodec.decode(W3CHttpResponseCodec.java:131)
at org.openqa.selenium.remote.codec.w3c.W3CHttpResponseCodec.decode(W3CHttpResponseCodec.java:53)
at org.openqa.selenium.remote.HttpCommandExecutor.execute(HttpCommandExecutor.java:184)
at org.openqa.selenium.remote.service.DriverCommandExecutor.invokeExecute(DriverCommandExecutor.java:167)
at org.openqa.selenium.remote.service.DriverCommandExecutor.execute(DriverCommandExecutor.java:142)
at org.openqa.selenium.remote.RemoteWebDriver.execute(RemoteWebDriver.java:547)
at org.openqa.selenium.remote.RemoteWebDriver.execute(RemoteWebDriver.java:602)
at org.openqa.selenium.remote.RemoteWebDriver.execute(RemoteWebDriver.java:606)
at org.openqa.selenium.remote.RemoteWebDriver.close(RemoteWebDriver.java:432)
at TestNG.testngProject.ParallelExecution.closer(ParallelExecution.java:36)
at java.base/java.util.ArrayList.forEach(ArrayList.java:1511)
at java.base/java.util.concurrent.FutureTask.run(FutureTask.java:264)
at java.base/java.util.concurrent.ThreadPoolExecutor.runWorker(ThreadPoolExecutor.java:1136)
at java.base/java.util.concurrent.ThreadPoolExecutor$Worker.run(ThreadPoolExecutor.java:635)
at java.base/java.lang.Thread.run(Thread.java:833)
... Removed 20 stack frames]]>
    </failure>
  </testcase> <!-- @AfterMethod closer -->
  <testcase classname="TestNG.testngProject.ParallelExecution" name="@BeforeMethod browserInvoke" time="0.0">
    <skipped/>
  </testcase> <!-- @BeforeMethod browserInvoke -->
  <testcase classname="TestNG.testngProject.ParallelExecution" name="@AfterMethod closer" time="0.0">
    <skipped/>
  </testcase> <!-- @AfterMethod closer -->
  <testcase classname="TestNG.testngProject.ParallelExecution" name="@BeforeMethod browserInvoke" time="0.0">
    <skipped/>
  </testcase> <!-- @BeforeMethod browserInvoke -->
  <testcase classname="TestNG.testngProject.ParallelExecution" name="@AfterMethod closer" time="0.0">
    <skipped/>
  </testcase> <!-- @AfterMethod closer -->
  <testcase classname="TestNG.testngProject.ParallelExecution" name="@BeforeMethod browserInvoke" time="0.0">
    <skipped/>
  </testcase> <!-- @BeforeMethod browserInvoke -->
  <testcase classname="TestNG.testngProject.ParallelExecution" name="@AfterMethod closer" time="0.0">
    <skipped/>
  </testcase> <!-- @AfterMethod closer -->
  <testcase classname="TestNG.testngProject.ParallelExecution" name="login" time="0.689"/>
  <testcase classname="TestNG.testngProject.ParallelExecution" name="login" time="0.0">
    <skipped/>
  </testcase> <!-- login -->
  <testcase classname="TestNG.testngProject.ParallelExecution" name="login" time="0.0">
    <skipped/>
  </testcase> <!-- login -->
  <testcase classname="TestNG.testngProject.ParallelExecution" name="login" time="0.001">
    <skipped/>
  </testcase> <!-- login -->
</testsuite> <!-- Test1 -->
